2024-06-12 10:40:50,095 [DEBUG]  Available web server routes: 
/conversations/<conversation_id:path>/messages     POST                           add_message
/conversations/<conversation_id:path>/tracker/events POST                           append_events
/webhooks/rasa                                     GET                            custom_webhook_RasaChatInput.health
/webhooks/rasa/webhook                             POST                           custom_webhook_RasaChatInput.receive
/webhooks/rest                                     GET                            custom_webhook_RestInput.health
/webhooks/rest/webhook                             POST                           custom_webhook_RestInput.receive
/model/test/intents                                POST                           evaluate_intents
/model/test/stories                                POST                           evaluate_stories
/conversations/<conversation_id:path>/execute      POST                           execute_action
/domain                                            GET                            get_domain
/                                                  GET                            hello
/model                                             PUT                            load_model
/model/parse                                       POST                           parse
/conversations/<conversation_id:path>/predict      POST                           predict
/conversations/<conversation_id:path>/tracker/events PUT                            replace_events
/conversations/<conversation_id:path>/story        GET                            retrieve_story
/conversations/<conversation_id:path>/tracker      GET                            retrieve_tracker
/status                                            GET                            status
/model/predict                                     POST                           tracker_predict
/model/train                                       POST                           train
/conversations/<conversation_id:path>/trigger_intent POST                           trigger_intent
/model                                             DELETE                         unload_model
/version                                           GET                            version
2024-06-12 10:40:50,095 [INFO ]  Starting Rasa server on http://0.0.0.0:5005
2024-06-12 10:40:50,095 [DEBUG]  Using the default number of Sanic workers (1).
2024-06-12 10:40:51,112 [DEBUG]  Skipping telemetry reporting: no license hash found.
2024-06-12 10:40:51,240 [DEBUG]  Connected to InMemoryTrackerStore.
2024-06-12 10:40:51,240 [DEBUG]  Connected to lock store 'InMemoryLockStore'.
2024-06-12 10:40:51,248 [DEBUG]  Instantiated NLG to 'TemplatedNaturalLanguageGenerator'.
2024-06-12 10:40:51,280 [INFO ]  Loading model models\20240612-103921-proper-integrator.tar.gz...
2024-06-12 10:40:52,342 [DEBUG]  Extracted model to 'C:\Users\xrist\AppData\Local\Temp\tmpqgebbw67'.
2024-06-12 10:40:52,411 [DEBUG]  Node 'nlu_message_converter' loading 'NLUMessageConverter.load' and kwargs: '{}'.
2024-06-12 10:40:52,411 [DEBUG]  Node 'run_WhitespaceTokenizer0' loading 'WhitespaceTokenizer.load' and kwargs: '{}'.
2024-06-12 10:40:52,419 [DEBUG]  Node 'run_RegexFeaturizer1' loading 'RegexFeaturizer.load' and kwargs: '{}'.
2024-06-12 10:40:52,419 [DEBUG]  Resource 'train_RegexFeaturizer1' was requested for reading.
2024-06-12 10:40:52,419 [DEBUG]  Node 'run_LexicalSyntacticFeaturizer2' loading 'LexicalSyntacticFeaturizer.load' and kwargs: '{}'.
2024-06-12 10:40:52,427 [DEBUG]  Resource 'train_LexicalSyntacticFeaturizer2' was requested for reading.
2024-06-12 10:40:52,435 [DEBUG]  Node 'run_CountVectorsFeaturizer3' loading 'CountVectorsFeaturizer.load' and kwargs: '{}'.
2024-06-12 10:40:52,435 [DEBUG]  Resource 'train_CountVectorsFeaturizer3' was requested for reading.
2024-06-12 10:40:52,443 [DEBUG]  Node 'run_CountVectorsFeaturizer4' loading 'CountVectorsFeaturizer.load' and kwargs: '{}'.
2024-06-12 10:40:52,451 [DEBUG]  Resource 'train_CountVectorsFeaturizer4' was requested for reading.
2024-06-12 10:40:52,475 [DEBUG]  Node 'run_DIETClassifier5' loading 'DIETClassifier.load' and kwargs: '{}'.
2024-06-12 10:40:52,475 [DEBUG]  Resource 'train_DIETClassifier5' was requested for reading.
2024-06-12 10:40:52,483 [DEBUG]  Loading the model from C:\Users\xrist\AppData\Local\Temp\tmpe0chni_7\train_DIETClassifier5\DIETClassifier.tf_model with finetune_mode=False...
2024-06-12 10:40:52,737 [DEBUG]  Following metrics will be logged during training: 
2024-06-12 10:40:52,737 [DEBUG]    t_loss (total loss)
2024-06-12 10:40:52,737 [DEBUG]    i_acc (intent acc)
2024-06-12 10:40:52,737 [DEBUG]    i_loss (intent loss)
2024-06-12 10:40:52,737 [DEBUG]    e_f1 (entity f1)
2024-06-12 10:40:52,737 [DEBUG]    e_loss (entity loss)
2024-06-12 10:41:27,811 [DEBUG]  Finished loading the model.
2024-06-12 10:41:27,811 [DEBUG]  Node 'run_EntitySynonymMapper6' loading 'EntitySynonymMapper.load' and kwargs: '{}'.
2024-06-12 10:41:27,811 [DEBUG]  Resource 'train_EntitySynonymMapper6' was requested for reading.
2024-06-12 10:41:27,811 [DEBUG]  Node 'run_ResponseSelector7' loading 'ResponseSelector.load' and kwargs: '{}'.
2024-06-12 10:41:27,811 [DEBUG]  Resource 'train_ResponseSelector7' was requested for reading.
2024-06-12 10:41:27,811 [DEBUG]  Failed to load ABCMeta from model storage. Resource 'train_ResponseSelector7' doesn't exist.
2024-06-12 10:41:27,811 [DEBUG]  Resource 'train_ResponseSelector7' was requested for reading.
2024-06-12 10:41:27,819 [DEBUG]  Failed to load ResponseSelector from model storage. Resource 'train_ResponseSelector7' doesn't exist.
2024-06-12 10:41:27,819 [DEBUG]  Node 'run_FallbackClassifier8' loading 'FallbackClassifier.load' and kwargs: '{}'.
2024-06-12 10:41:27,819 [DEBUG]  Node 'run_RegexMessageHandler' loading 'RegexMessageHandler.load' and kwargs: '{}'.
2024-06-12 10:41:27,819 [DEBUG]  Node 'domain_provider' loading 'DomainProvider.load' and kwargs: '{}'.
2024-06-12 10:41:27,819 [DEBUG]  Resource 'domain_provider' was requested for reading.
2024-06-12 10:41:27,861 [DEBUG]  Node 'run_MemoizationPolicy0' loading 'MemoizationPolicy.load' and kwargs: '{}'.
2024-06-12 10:41:27,861 [DEBUG]  Resource 'train_MemoizationPolicy0' was requested for reading.
2024-06-12 10:41:27,861 [DEBUG]  Node 'run_RulePolicy1' loading 'RulePolicy.load' and kwargs: '{}'.
2024-06-12 10:41:27,861 [DEBUG]  Resource 'train_RulePolicy1' was requested for reading.
2024-06-12 10:41:27,869 [DEBUG]  Node 'run_UnexpecTEDIntentPolicy2' loading 'UnexpecTEDIntentPolicy.load' and kwargs: '{}'.
2024-06-12 10:41:27,869 [DEBUG]  Resource 'train_UnexpecTEDIntentPolicy2' was requested for reading.
2024-06-12 10:41:27,869 [DEBUG]  Loading the model from C:\Users\xrist\AppData\Local\Temp\tmpe0chni_7\train_UnexpecTEDIntentPolicy2\unexpected_intent_policy.tf_model with finetune_mode=False...
2024-06-12 10:41:40,149 [DEBUG]  Finished loading the model.
2024-06-12 10:41:40,149 [WARNI]  The UnexpecTED Intent Policy is currently experimental and might change or be removed in the future 🔬 Please share your feedback on it in the forum (https://forum.rasa.com) to help us make this feature ready for production.
2024-06-12 10:41:40,173 [DEBUG]  Node 'run_TEDPolicy3' loading 'TEDPolicy.load' and kwargs: '{}'.
2024-06-12 10:41:40,173 [DEBUG]  Resource 'train_TEDPolicy3' was requested for reading.
2024-06-12 10:41:40,173 [DEBUG]  Loading the model from C:\Users\xrist\AppData\Local\Temp\tmpe0chni_7\train_TEDPolicy3\ted_policy.tf_model with finetune_mode=False...
2024-06-12 10:41:51,015 [DEBUG]  Finished loading the model.
2024-06-12 10:41:51,015 [DEBUG]  Node 'rule_only_data_provider' loading 'RuleOnlyDataProvider.load' and kwargs: '{}'.
2024-06-12 10:41:51,015 [DEBUG]  Resource 'train_RulePolicy1' was requested for reading.
2024-06-12 10:41:51,015 [DEBUG]  Node 'select_prediction' loading 'DefaultPolicyPredictionEnsemble.load' and kwargs: '{}'.
2024-06-12 10:41:51,039 [INFO ]  Rasa server is up and running.
2024-06-12 10:41:51,039 [ERROR]  Unable to start server
Traceback (most recent call last):
  File "C:\Users\xrist\venv\lib\site-packages\sanic\server\runners.py", line 133, in serve
    http_server = loop.run_until_complete(server_coroutine)
  File "C:\Program Files\WindowsApps\PythonSoftwareFoundation.Python.3.10_3.10.3056.0_x64__qbz5n2kfra8p0\lib\asyncio\base_events.py", line 649, in run_until_complete
    return future.result()
  File "C:\Program Files\WindowsApps\PythonSoftwareFoundation.Python.3.10_3.10.3056.0_x64__qbz5n2kfra8p0\lib\asyncio\base_events.py", line 1519, in create_server
    raise OSError(err.errno, 'error while attempting '
OSError: [Errno 10048] error while attempting to bind on address ('0.0.0.0', 5005): only one usage of each socket address (protocol/network address/port) is normally permitted
